[0mGET /api/products [32m200 [0m4.663 ms - 2610[0m
[0mGET /api/products [36m304 [0m9.200 ms - -[0m
[0mGET /api/contacts [36m304 [0m2.884 ms - -[0m
[0mGET /api/contacts [36m304 [0m6.057 ms - -[0m
[0mGET /api/contacts [36m304 [0m6.002 ms - -[0m
[0mGET /api/products [32m200 [0m5.068 ms - 2610[0m
[0mGET /api/contacts [32m200 [0m1.158 ms - 1711[0m
[0mGET /api/about [33m404 [0m2.670 ms - 256[0m
[0mGET /api/contacts [36m304 [0m0.979 ms - -[0m
[0mGET /api/contacts [36m304 [0m4.280 ms - -[0m
[0mGET /api/products [32m200 [0m4.270 ms - 2610[0m
[0mGET /api/contacts [32m200 [0m1.048 ms - 1711[0m
[0mGET /api/about [33m404 [0m2.242 ms - 256[0m
[0mGET /api/about [33m404 [0m4.159 ms - 256[0m
[0mGET /api/products/1 [32m200 [0m5.800 ms - 136[0m
[0mGET /api/products [32m200 [0m8.559 ms - 2610[0m
[0mGET /api/products/1 [32m200 [0m2.218 ms - 136[0m
[0mGET /api/products [32m200 [0m3.748 ms - 2610[0m
[0mGET /api/contacts [32m200 [0m1.255 ms - 1711[0m
[0mGET /api/about [33m404 [0m2.614 ms - 256[0m
[0mGET /api/products/1 [32m200 [0m0.885 ms - 136[0m
[0mGET /api/products [31m500 [0m5.620 ms - 59[0m
[0mGET /api/contacts [36m304 [0m7.276 ms - -[0m
[0mGET /api/products [32m200 [0m7.283 ms - 2610[0m
[0mGET /api/products [32m200 [0m4.326 ms - 2610[0m
[0mGET /api/products [32m200 [0m4.474 ms - 2610[0m
[0mGET /api/products [32m200 [0m3.922 ms - 2610[0m
[0mGET /api/products [32m200 [0m7.185 ms - 2610[0m
[0mGET /api/products [32m200 [0m3.836 ms - 2610[0m
[0mGET /api/products [36m304 [0m1.529 ms - -[0m
[0mGET /api/products [36m304 [0m1.107 ms - -[0m
[0mGET /api/products [32m200 [0m4.632 ms - 2610[0m
[0mGET /api/products [32m200 [0m6.236 ms - 2610[0m
[0mGET /api/products [31m500 [0m7.285 ms - 59[0m
[0mGET /api/products [32m200 [0m6.783 ms - 2610[0m
[0mGET /api/products [32m200 [0m7.080 ms - 2610[0m
[0mGET /api/products [32m200 [0m4.162 ms - 2610[0m
[0mGET /api/products [32m200 [0m6.796 ms - 2610[0m
[0mGET /api/products [32m200 [0m7.308 ms - 2610[0m
[0mGET /api/products [32m200 [0m6.338 ms - 2610[0m
[0mGET /api/products [32m200 [0m3.963 ms - 2610[0m
[0mGET /api/products [32m200 [0m3.939 ms - 2610[0m
[0mGET /api/products [32m200 [0m6.859 ms - 2610[0m
[0mGET /api/products [32m200 [0m3.767 ms - 2610[0m
[0mGET /api/products [32m200 [0m6.917 ms - 2610[0m
[0mGET /api/products [32m200 [0m4.637 ms - 2610[0m
[0mGET /api/products [32m200 [0m7.354 ms - 2610[0m
[0mGET /api/contacts [32m200 [0m1.083 ms - 1711[0m
[0mGET /api/products [32m200 [0m3.754 ms - 2610[0m
[0mGET /api/contacts [32m200 [0m1.225 ms - 1711[0m
[0mGET /api/products [32m200 [0m4.025 ms - 2610[0m
[0mGET /api/contacts [32m200 [0m1.147 ms - 1711[0m
[0mGET /api/products [32m200 [0m6.801 ms - 2610[0m
[0mGET /api/contacts [32m200 [0m1.126 ms - 1711[0m
[0mGET /api/products [32m200 [0m3.806 ms - 2610[0m
[0mGET /api/contacts [32m200 [0m1.030 ms - 1711[0m
[0mGET /api/products [32m200 [0m4.087 ms - 2610[0m
[0mGET /api/contacts [32m200 [0m1.071 ms - 1711[0m
[0mGET /api/products [32m200 [0m4.008 ms - 2610[0m
[0mGET /api/contacts [32m200 [0m1.254 ms - 1711[0m
[0mGET /api/products/2 [32m200 [0m1.340 ms - 147[0m
[0mGET /api/products [32m200 [0m6.829 ms - 2610[0m
[0mGET /api/contacts [32m200 [0m1.131 ms - 1711[0m
[0mGET /api/products/2 [32m200 [0m1.475 ms - 147[0m
[0mGET /api/products [32m200 [0m4.853 ms - 2610[0m
[0mGET /api/contacts [32m200 [0m1.418 ms - 1711[0m
[0mGET /api/products/2 [32m200 [0m1.071 ms - 147[0m
[0mGET /api/productfilter [32m200 [0m3.241 ms - 2[0m
[0mGET /api/productfilter?=1 [32m200 [0m0.711 ms - 2[0m
[0mGET /api/productfilter/1 [33m404 [0m2.777 ms - 256[0m
[0mGET /api/products [32m200 [0m1.231 ms - 2610[0m
[0mGET /api/products [32m200 [0m4.854 ms - 2610[0m
[0mGET /api/contacts [32m200 [0m0.994 ms - 1711[0m
[0mGET /api/products/2 [32m200 [0m1.334 ms - 147[0m
[0mGET /api/productfilter [32m200 [0m0.916 ms - 2[0m
[0mGET /api/products [32m200 [0m22.270 ms - 2610[0m
[0mGET /api/contacts [32m200 [0m1.649 ms - 1711[0m
[0mGET /api/products/2 [32m200 [0m1.862 ms - 147[0m
[0mGET /api/productfilter [32m200 [0m1.613 ms - 2[0m
[0mGET /api/products [36m304 [0m4.855 ms - -[0m
[0mGET /api/contacts [36m304 [0m1.875 ms - -[0m
[0mGET /api/productfilter/guitar [33m404 [0m1.389 ms - 256[0m
[0mGET /api/productfilter/Guitar [33m404 [0m0.378 ms - 256[0m
[0mGET /api/productfilter/Guitar [33m404 [0m0.521 ms - 256[0m
[0mGET /api/products [32m200 [0m1.466 ms - 2610[0m
[0mGET /api/productfilter [32m200 [0m0.920 ms - 2[0m
[0mGET /api/productfilter/Guitar [33m404 [0m0.308 ms - 256[0m
[0mGET /api/contacts [32m200 [0m0.760 ms - 1711[0m
[0mGET /api/productfilter/ [32m200 [0m0.970 ms - 2[0m
[0mGET /api/productfilter/ [32m200 [0m0.704 ms - 2[0m
[0mGET /api/productfilter/Dj [33m404 [0m0.437 ms - 256[0m
[0mGET /api/productfilter/1 [33m404 [0m0.329 ms - 256[0m
[0mGET /api/productfilter?productID=1 [32m200 [0m0.822 ms - 203[0m
[0mGET /api/contacts [36m304 [0m0.786 ms - -[0m
[0mGET /api/contacts [36m304 [0m0.884 ms - -[0m
[0mPOST /api/contacts [33m404 [0m0.620 ms - 152[0m
[0mGET /api/contacts [32m200 [0m1.744 ms - 1711[0m
[0mPOST /api/contacts [33m404 [0m0.156 ms - 152[0m
[0mGET /api/contacts [36m304 [0m0.801 ms - -[0m
[0mPOST /api/contacts [32m200 [0m2.040 ms - 2[0m
[0mPOST /api/contacts [32m200 [0m0.321 ms - 17[0m
[0mGET /api/contacts [36m304 [0m0.749 ms - -[0m
[0mGET /api/contacts [36m304 [0m1.435 ms - -[0m
[0mGET /api/contacts [36m304 [0m1.308 ms - -[0m
[0mPOST /api/contacts [33m404 [0m0.286 ms - 152[0m
[0mGET /api/contacts [36m304 [0m0.840 ms - -[0m
[0mPOST /api/contacts [33m404 [0m0.176 ms - 152[0m
[0mPOST /api/contacts [33m404 [0m0.115 ms - 152[0m
[0mGET /api/contacts [36m304 [0m0.930 ms - -[0m
[0mPOST /api/contacts [33m404 [0m0.166 ms - 152[0m
[0mPOST /api/contacts [33m404 [0m0.133 ms - 152[0m
[0mPOST /api/contacts [33m404 [0m0.124 ms - 152[0m
[0mPOST /api/contacts [33m404 [0m0.105 ms - 152[0m
[0mPOST /api/contacts [33m404 [0m0.175 ms - 152[0m
[0mGET /api/contacts [32m200 [0m0.994 ms - 1711[0m
[0mPOST /api/contacts [33m404 [0m0.116 ms - 152[0m
[0mGET /api/contacts [32m200 [0m1.074 ms - 1711[0m
[0mPOST /api/contacts [33m404 [0m0.104 ms - 152[0m
[0mGET /api/products [36m304 [0m0.835 ms - -[0m
[0mGET /api/contacts [36m304 [0m2.880 ms - -[0m
[0mGET /api/products [36m304 [0m0.966 ms - -[0m
[0mGET /api/products/1 [32m200 [0m0.781 ms - 136[0m
[0mGET /api/productfilter?productID=1 [32m200 [0m1.639 ms - 203[0m
[0mPOST /api/contacts [32m200 [0m3.046 ms - 17[0m
[0mGET /api/contacts [36m304 [0m8.429 ms - -[0m
[0mPOST /api/contacts [32m200 [0m0.417 ms - 2[0m
[0mGET /api/products [32m200 [0m4.718 ms - 2610[0m
[0mGET /api/contacts [32m200 [0m1.759 ms - 1711[0m
[0mPOST /api/contacts [32m200 [0m0.312 ms - 2[0m
[0mPOST /api/contacts [32m200 [0m0.196 ms - 2[0m
[0mPOST /api/contacts [32m200 [0m0.168 ms - 2[0m
[0mGET /api/contacts [32m200 [0m0.806 ms - 1711[0m
[0mGET /api/contacts [36m304 [0m1.002 ms - -[0m
[0mGET /api/contacts [36m304 [0m1.050 ms - -[0m
[0mGET /api/contacts [36m304 [0m0.739 ms - -[0m
[0mGET /api/contacts [36m304 [0m0.771 ms - -[0m
[0mGET /api/contacts [36m304 [0m1.060 ms - -[0m
[0mGET /api/contacts [36m304 [0m0.811 ms - -[0m
[0mGET /api/contacts [36m304 [0m0.776 ms - -[0m
[0mGET /api/contacts [36m304 [0m4.184 ms - -[0m
[0mGET /api/contacts [36m304 [0m0.987 ms - -[0m
[0mGET /api/products [36m304 [0m4.887 ms - -[0m
[0mGET /api/products [36m304 [0m1.148 ms - -[0m
[0mGET /api/contacts [36m304 [0m0.996 ms - -[0m
[0mGET /api/contacts [36m304 [0m0.739 ms - -[0m
[0mGET /api/contacts [36m304 [0m0.955 ms - -[0m
[0mGET /api/contacts [36m304 [0m0.936 ms - -[0m
[0mGET /api/contacts [36m304 [0m0.791 ms - -[0m
[0mGET /api/contacts [36m304 [0m0.786 ms - -[0m
[0mGET /api/contacts [36m304 [0m0.764 ms - -[0m
[0mGET /api/contacts [36m304 [0m4.505 ms - -[0m
[0mGET /api/contacts [36m304 [0m5.168 ms - -[0m
[0mGET /api/products [36m304 [0m1.804 ms - -[0m
[0mGET /api/contacts [36m304 [0m0.968 ms - -[0m
